<?xml version="1.0" encoding="UTF-8"?>
<!-- Generated by org.testng.reporters.JUnitReportReporter -->
<testsuite hostname="L-EGE-1ZMGPG3" failures="0" tests="1" name="Browser" time="5.212" errors="0" timestamp="2023-07-17T16:12:31 EET" skipped="0">
  <testcase classname="Browser" name="loginsuccess" time="5.212"/>
</testsuite> <!-- Browser -->
