<?xml version="1.0" encoding="UTF-8"?>
<!-- Generated by org.testng.reporters.JUnitReportReporter -->
<testsuite hostname="L-EGE-1ZMGPG3" failures="0" tests="3" name="Login" time="20.038" errors="0" timestamp="2023-07-17T21:27:37 EET" skipped="0">
  <testcase classname="Login" name="loginsuccess" time="7.673"/>
  <testcase classname="Login" name="invalidPassword" time="8.058"/>
  <testcase classname="Login" name="invalidUser" time="4.307"/>
</testsuite> <!-- Login -->
