<?xml version="1.0" encoding="UTF-8"?>
<!-- Generated by org.testng.reporters.JUnitReportReporter -->
<testsuite hostname="L-EGE-1ZMGPG3" failures="0" tests="2" name="Registration" time="11.953" errors="0" timestamp="2023-09-01T17:07:09 EET" skipped="0">
  <testcase classname="Registration" name="Register" time="7.049"/>
  <testcase classname="Registration" name="registerExist" time="4.904"/>
</testsuite> <!-- Registration -->
